  backblock.cpp
C:\Users\student\Desktop\3Dアクションゲーム\main.h(8,9): fatal error C1083: include ファイルを開けません。'd3dx9.h':No such file or directory
  background.cpp
C:\Users\student\Desktop\3Dアクションゲーム\main.h(8,9): fatal error C1083: include ファイルを開けません。'd3dx9.h':No such file or directory
  bg.cpp
C:\Users\student\Desktop\3Dアクションゲーム\main.h(8,9): fatal error C1083: include ファイルを開けません。'd3dx9.h':No such file or directory
  block.cpp
C:\Users\student\Desktop\3Dアクションゲーム\main.h(8,9): fatal error C1083: include ファイルを開けません。'd3dx9.h':No such file or directory
  bullet.cpp
C:\Users\student\Desktop\3Dアクションゲーム\main.h(8,9): fatal error C1083: include ファイルを開けません。'd3dx9.h':No such file or directory
  camera.cpp
C:\Users\student\Desktop\3Dアクションゲーム\main.h(8,9): fatal error C1083: include ファイルを開けません。'd3dx9.h':No such file or directory
  effect_x.cpp
C:\Users\student\Desktop\3Dアクションゲーム\main.h(8,9): fatal error C1083: include ファイルを開けません。'd3dx9.h':No such file or directory
  enemy.cpp
C:\Users\student\Desktop\3Dアクションゲーム\main.h(8,9): fatal error C1083: include ファイルを開けません。'd3dx9.h':No such file or directory
  explosion.cpp
C:\Users\student\Desktop\3Dアクションゲーム\main.h(8,9): fatal error C1083: include ファイルを開けません。'd3dx9.h':No such file or directory
  fade.cpp
C:\Users\student\Desktop\3Dアクションゲーム\main.h(8,9): fatal error C1083: include ファイルを開けません。'd3dx9.h':No such file or directory
  floor.cpp
C:\Users\student\Desktop\3Dアクションゲーム\main.h(8,9): fatal error C1083: include ファイルを開けません。'd3dx9.h':No such file or directory
  game.cpp
C:\Users\student\Desktop\3Dアクションゲーム\main.h(8,9): fatal error C1083: include ファイルを開けません。'd3dx9.h':No such file or directory
  GameProgress.cpp
  gauge.cpp
C:\Users\student\Desktop\3Dアクションゲーム\main.h(8,9): fatal error C1083: include ファイルを開けません。'd3dx9.h':No such file or directory
  gaugeframe.cpp
C:\Users\student\Desktop\3Dアクションゲーム\main.h(8,9): fatal error C1083: include ファイルを開けません。'd3dx9.h':No such file or directory
  goal.cpp
C:\Users\student\Desktop\3Dアクションゲーム\main.h(8,9): fatal error C1083: include ファイルを開けません。'd3dx9.h':No such file or directory
  input.cpp
C:\Users\student\Desktop\3Dアクションゲーム\main.h(8,9): fatal error C1083: include ファイルを開けません。'd3dx9.h':No such file or directory
  item.cpp
C:\Users\student\Desktop\3Dアクションゲーム\main.h(8,9): fatal error C1083: include ファイルを開けません。'd3dx9.h':No such file or directory
  light.cpp
C:\Users\student\Desktop\3Dアクションゲーム\main.h(8,9): fatal error C1083: include ファイルを開けません。'd3dx9.h':No such file or directory
  main.cpp
C:\Users\student\Desktop\3Dアクションゲーム\main.h(8,9): fatal error C1083: include ファイルを開けません。'd3dx9.h':No such file or directory
  コードを生成中...
  コンパイル中...
  manager.cpp
C:\Users\student\Desktop\3Dアクションゲーム\main.h(8,9): fatal error C1083: include ファイルを開けません。'd3dx9.h':No such file or directory
  model.cpp
C:\Users\student\Desktop\3Dアクションゲーム\main.h(8,9): fatal error C1083: include ファイルを開けません。'd3dx9.h':No such file or directory
  number.cpp
C:\Users\student\Desktop\3Dアクションゲーム\main.h(8,9): fatal error C1083: include ファイルを開けません。'd3dx9.h':No such file or directory
  numplayer.cpp
C:\Users\student\Desktop\3Dアクションゲーム\main.h(8,9): fatal error C1083: include ファイルを開けません。'd3dx9.h':No such file or directory
  object.cpp
C:\Users\student\Desktop\3Dアクションゲーム\main.h(8,9): fatal error C1083: include ファイルを開けません。'd3dx9.h':No such file or directory
  object2D.cpp
C:\Users\student\Desktop\3Dアクションゲーム\main.h(8,9): fatal error C1083: include ファイルを開けません。'd3dx9.h':No such file or directory
  object3D.cpp
C:\Users\student\Desktop\3Dアクションゲーム\main.h(8,9): fatal error C1083: include ファイルを開けません。'd3dx9.h':No such file or directory
  objectX.cpp
C:\Users\student\Desktop\3Dアクションゲーム\main.h(8,9): fatal error C1083: include ファイルを開けません。'd3dx9.h':No such file or directory
  player.cpp
C:\Users\student\Desktop\3Dアクションゲーム\main.h(8,9): fatal error C1083: include ファイルを開けません。'd3dx9.h':No such file or directory
  playermanager.cpp
C:\Users\student\Desktop\3Dアクションゲーム\main.h(8,9): fatal error C1083: include ファイルを開けません。'd3dx9.h':No such file or directory
  renderer.cpp
C:\Users\student\Desktop\3Dアクションゲーム\renderer.h(9,9): fatal error C1083: include ファイルを開けません。'd3dx9.h':No such file or directory
  result.cpp
C:\Users\student\Desktop\3Dアクションゲーム\main.h(8,9): fatal error C1083: include ファイルを開けません。'd3dx9.h':No such file or directory
  resultrank.cpp
C:\Users\student\Desktop\3Dアクションゲーム\main.h(8,9): fatal error C1083: include ファイルを開けません。'd3dx9.h':No such file or directory
  scene.cpp
C:\Users\student\Desktop\3Dアクションゲーム\main.h(8,9): fatal error C1083: include ファイルを開けません。'd3dx9.h':No such file or directory
  sound.cpp
C:\Users\student\Desktop\3Dアクションゲーム\main.h(8,9): fatal error C1083: include ファイルを開けません。'd3dx9.h':No such file or directory
  stageselect.cpp
C:\Users\student\Desktop\3Dアクションゲーム\main.h(8,9): fatal error C1083: include ファイルを開けません。'd3dx9.h':No such file or directory
  texture.cpp
C:\Users\student\Desktop\3Dアクションゲーム\main.h(8,9): fatal error C1083: include ファイルを開けません。'd3dx9.h':No such file or directory
  time.cpp
C:\Users\student\Desktop\3Dアクションゲーム\main.h(8,9): fatal error C1083: include ファイルを開けません。'd3dx9.h':No such file or directory
  title.cpp
C:\Users\student\Desktop\3Dアクションゲーム\main.h(8,9): fatal error C1083: include ファイルを開けません。'd3dx9.h':No such file or directory
  tutorial.cpp
C:\Users\student\Desktop\3Dアクションゲーム\main.h(8,9): fatal error C1083: include ファイルを開けません。'd3dx9.h':No such file or directory
  コードを生成中...
  コンパイル中...
  tutorialUI.cpp
C:\Users\student\Desktop\3Dアクションゲーム\main.h(8,9): fatal error C1083: include ファイルを開けません。'd3dx9.h':No such file or directory
  コードを生成中...
